
12/19/2022 14:39:11 - D:\NewFPSGame\1YearFPSGameDecFIFTEEN\MainGameFolder\Assets\TerraWorld\Templates\Pro\40StylishNew\40Forest2 - TryDownloadTemplatePackage2-TTemplatesManager.cs-123
12/19/2022 14:39:11 - C:/Users/phill/AppData/LocalLow/DefaultCompany/TerraUnityCo/TerraWorld/Cache/Templates/Pro/40StylishNew\40Forest2 - DownloadPackage2-TTemplatesManager.cs-149
12/19/2022 14:39:11 -  - SyncPackageFromServerCompleted-TTemplatesManager.cs-171
12/19/2022 14:39:11 - C:\Users\phill\AppData\LocalLow\DefaultCompany\TerraUnityCo\TerraWorld\Cache\Templates\Pro\40StylishNew\40Forest2/004.unitypackage - DownloadTemplatePackageCompleted2-TTemplatesManager.cs-187
12/19/2022 14:39:11 - ImportTemplatePackageNEW : C:/Users/phill/AppData/LocalLow/DefaultCompany/TerraUnityCo/TerraWorld/Cache/Templates/Pro/40StylishNew/40Forest2/004.unitypackage - ImportTemplatePackageNEW-TTemplatesManager.cs-267
12/19/2022 14:39:16 - 004 - OnImportPackageCompletedNEW-TTemplatesManager.cs-289
12/19/2022 14:39:16 -  - RunTemplateNEW-TTemplatesManager.cs-320
12/19/2022 14:39:17 - D:\NewFPSGame\1YearFPSGameDecFIFTEEN\MainGameFolder\Assets\TerraWorld\Templates\Pro\40StylishNew\40Forest2\Graph.twg - LoadAndRunWorldGraph2-TTerraworldGenerator.cs-44
12/19/2022 14:39:17 -  - LoadGraph-TTerraWorldGraph.cs-414
12/19/2022 14:39:17 -  - SaveGraph-TTerraWorldGraph.cs-242
12/19/2022 14:39:17 -  - SaveGraph-TTerraWorldGraph.cs-242
12/19/2022 14:39:17 -  - CreateWorld-TTerrainGenerator.cs-201
12/19/2022 14:39:17 -  - ResetGraphsStatus-TTerraWorldGraph.cs-744
12/19/2022 14:39:17 -  - CheckConnections-TTerraWorldGraph.cs-578
12/19/2022 14:39:17 - Fetching Data From Servers... - CreateWorld-TTerrainGenerator.cs-227
12/19/2022 14:39:17 -  - InitBGTerrain-TTerrainGenerator.cs-240
12/19/2022 14:39:17 -  - InitMainTerrains-TTerrainGenerator.cs-292
12/19/2022 14:39:17 -  - .ctor-TTerraWorld.cs-282
12/19/2022 14:39:17 -  - UpdateTerraWorld-TTerraWorld.cs-298
12/19/2022 14:39:17 -  - GenerateTerrains-TTerraWorld.cs-289
12/19/2022 14:39:17 -  - UpdateTerrain-TTerrain.cs-100
12/19/2022 14:39:17 -  - .ctor-TMap.cs-77
12/19/2022 14:39:17 -  - Initialize-TMap.cs-86
12/19/2022 14:39:17 -  - UpdateMap-TMap.cs-311
12/19/2022 14:39:17 -  - .ctor-TMap.cs-77
12/19/2022 14:39:17 -  - Initialize-TMap.cs-86
12/19/2022 14:39:17 -  - IsHeightmapAvailable-TMap.cs-363
12/19/2022 14:39:18 -  - Initialize-TMap.cs-86
12/19/2022 14:39:18 -  - UpdateElevationData-TMap.cs-387
12/19/2022 14:39:18 -  - UpdateImageryData-TMap.cs-398
12/19/2022 14:39:18 -  - UpdateLandCoverData-TMap.cs-420
12/19/2022 14:39:22 -  - AfterDataDownloaded-TMap.cs-440
12/19/2022 14:39:22 -  - AfterUpdateCompletedImagery-TMap.cs-590
12/19/2022 14:39:22 -  - AfterUpdateCompletedLandcover-TMap.cs-606
12/19/2022 14:39:22 -  - AfterUpdateCompletedElevation-TMap.cs-576
12/19/2022 14:39:23 -  - WhenAllDone-TMap.cs-614
12/19/2022 14:39:23 -  - TerrainAnalysis-TTerrain.cs-159
12/19/2022 14:39:23 -  - RunAllModulesAsync-TTerrain.cs-173
12/19/2022 14:39:23 -  - RunAllModulesASyncPerform-TTerrain.cs-194
12/19/2022 14:39:23 -  - RunAllModules-TTerrain.cs-208
12/19/2022 14:39:23 -  - RunGraph-TModules.cs-302
12/19/2022 14:39:23 -  - GetSequences-TTerraWorldGraph.cs-696
12/19/2022 14:39:23 -  - GetLastNodes-TTerraWorldGraph.cs-655
12/19/2022 14:39:23 - Heightmap - RunGraph-TModules.cs-326
12/19/2022 14:39:23 - Smoothen Terrain 2 - RunGraph-TModules.cs-326
12/19/2022 14:39:23 - Hydraulic Erosion 1 - RunGraph-TModules.cs-326
12/19/2022 14:39:23 - Terrace Filter 1 - RunGraph-TModules.cs-326
12/19/2022 14:39:23 - Heightmap Master - RunGraph-TModules.cs-326
12/19/2022 14:39:23 - heightmapGraph result : Heightmap Master - RunAllModules-TTerrain.cs-247
12/19/2022 14:39:23 -  - RunGraph-TModules.cs-302
12/19/2022 14:39:23 -  - GetSequences-TTerraWorldGraph.cs-696
12/19/2022 14:39:23 -  - GetLastNodes-TTerraWorldGraph.cs-655
12/19/2022 14:39:23 - Water Gen 2 - RunGraph-TModules.cs-326
12/19/2022 14:39:23 - Water result : Water Gen 2 - RunAllModules-TTerrain.cs-285
12/19/2022 14:39:24 -  - RunGraph-TModules.cs-302
12/19/2022 14:39:24 -  - GetSequences-TTerraWorldGraph.cs-696
12/19/2022 14:39:24 -  - GetLastNodes-TTerraWorldGraph.cs-655
12/19/2022 14:39:24 - Satellite Image Source 1 1 - RunGraph-TModules.cs-326
12/19/2022 14:39:24 - Graph result (Colormap): Satellite Image Source 1 1 - RunAllModules-TTerrain.cs-313
12/19/2022 14:39:24 -  - RunGraph-TModules.cs-302
12/19/2022 14:39:24 -  - GetSequences-TTerraWorldGraph.cs-696
12/19/2022 14:39:24 -  - GetLastNodes-TTerraWorldGraph.cs-655
12/19/2022 14:39:24 - Slope Map 1 - RunGraph-TModules.cs-326
12/19/2022 14:39:24 - Terrain Detail Layer 9 1 - RunGraph-TModules.cs-326
12/19/2022 14:39:24 - Slope Map 2 - RunGraph-TModules.cs-326
12/19/2022 14:39:24 - Terrain Detail Layer 10 2 - RunGraph-TModules.cs-326
12/19/2022 14:39:24 - Slope Map 3 - RunGraph-TModules.cs-326
12/19/2022 14:39:24 - Terrain Detail Layer 11 3 - RunGraph-TModules.cs-326
12/19/2022 14:39:24 - Flowmap 1 - RunGraph-TModules.cs-326
12/19/2022 14:39:24 - Terrain Detail Layer 12 4 - RunGraph-TModules.cs-326
12/19/2022 14:39:24 - Graph result (DetailTexture): Terrain Detail Layer 9 1 - RunAllModules-TTerrain.cs-349
12/19/2022 14:39:24 - Graph result (DetailTexture): Terrain Detail Layer 10 2 - RunAllModules-TTerrain.cs-349
12/19/2022 14:39:24 - Graph result (DetailTexture): Terrain Detail Layer 11 3 - RunAllModules-TTerrain.cs-349
12/19/2022 14:39:24 - Graph result (DetailTexture): Terrain Detail Layer 12 4 - RunAllModules-TTerrain.cs-349
12/19/2022 14:39:25 -  - RunGraph-TModules.cs-302
12/19/2022 14:39:25 -  - GetSequences-TTerraWorldGraph.cs-696
12/19/2022 14:39:25 -  - GetLastNodes-TTerraWorldGraph.cs-655
12/19/2022 14:39:25 -  - RunGraph-TModules.cs-302
12/19/2022 14:39:25 -  - GetSequences-TTerraWorldGraph.cs-696
12/19/2022 14:39:25 -  - GetLastNodes-TTerraWorldGraph.cs-655
12/19/2022 14:39:25 -  - RunGraph-TModules.cs-302
12/19/2022 14:39:25 -  - GetSequences-TTerraWorldGraph.cs-696
12/19/2022 14:39:25 -  - GetLastNodes-TTerraWorldGraph.cs-655
12/19/2022 14:39:25 - Biome Filter 5 - RunGraph-TModules.cs-326
12/19/2022 14:39:25 - Slope Map 1 - RunGraph-TModules.cs-326
12/19/2022 14:39:25 - Area Mixer 6 2 - RunGraph-TModules.cs-326
12/19/2022 14:39:25 - Area Mixer 5 3 - RunGraph-TModules.cs-326
12/19/2022 14:39:25 - Forest02_Mushroom2 - RunGraph-TModules.cs-326
12/19/2022 14:39:25 - Forest02_Bush_LP - RunGraph-TModules.cs-326
12/19/2022 14:39:25 - Forest02_Jungle_Rock_LP_01 - RunGraph-TModules.cs-326
12/19/2022 14:39:25 - Forest02 Tree2 - RunGraph-TModules.cs-326
12/19/2022 14:39:25 - Forest02_Branch - RunGraph-TModules.cs-326
12/19/2022 14:39:25 - Forest02_Stump1 - RunGraph-TModules.cs-326
12/19/2022 14:39:25 - Forest02 Tree3 - RunGraph-TModules.cs-326
12/19/2022 14:39:25 - Forest02 Tree1 - RunGraph-TModules.cs-326
12/19/2022 14:39:25 - Graph result : Forest02_Mushroom2 - RunAllModules-TTerrain.cs-432
12/19/2022 14:39:25 - Graph result : Forest02_Bush_LP - RunAllModules-TTerrain.cs-432
12/19/2022 14:39:25 - Graph result : Forest02_Jungle_Rock_LP_01 - RunAllModules-TTerrain.cs-432
12/19/2022 14:39:25 - Graph result : Forest02 Tree2 - RunAllModules-TTerrain.cs-432
12/19/2022 14:39:25 - Graph result : Forest02_Branch - RunAllModules-TTerrain.cs-432
12/19/2022 14:39:25 - Graph result : Forest02_Stump1 - RunAllModules-TTerrain.cs-432
12/19/2022 14:39:25 - Graph result : Forest02 Tree3 - RunAllModules-TTerrain.cs-432
12/19/2022 14:39:25 - Graph result : Forest02 Tree1 - RunAllModules-TTerrain.cs-432
12/19/2022 14:39:26 -  - RunGraph-TModules.cs-302
12/19/2022 14:39:26 -  - GetSequences-TTerraWorldGraph.cs-696
12/19/2022 14:39:26 -  - GetLastNodes-TTerraWorldGraph.cs-655
12/19/2022 14:39:26 - Grass Scatter 1 - RunGraph-TModules.cs-326
12/19/2022 14:39:26 - Grass Scatter 2 - RunGraph-TModules.cs-326
12/19/2022 14:39:26 - Grass Scatter 3 - RunGraph-TModules.cs-326
12/19/2022 14:39:26 - Grass Scatter 4 - RunGraph-TModules.cs-326
12/19/2022 14:39:26 - Grass Scatter 5 - RunGraph-TModules.cs-326
12/19/2022 14:39:26 - Grass Scatter 6 - RunGraph-TModules.cs-326
12/19/2022 14:39:26 - Grass Scatter 7 - RunGraph-TModules.cs-326
12/19/2022 14:39:26 - Grass Scatter 8 - RunGraph-TModules.cs-326
12/19/2022 14:39:26 - Grass Scatter 9 - RunGraph-TModules.cs-326
12/19/2022 14:39:26 - Grass Scatter 10 - RunGraph-TModules.cs-326
12/19/2022 14:39:26 - Graph result : Grass Scatter 1 - RunAllModules-TTerrain.cs-460
12/19/2022 14:39:26 - Graph result : Grass Scatter 2 - RunAllModules-TTerrain.cs-460
12/19/2022 14:39:26 - Graph result : Grass Scatter 3 - RunAllModules-TTerrain.cs-460
12/19/2022 14:39:26 - Graph result : Grass Scatter 4 - RunAllModules-TTerrain.cs-460
12/19/2022 14:39:26 - Graph result : Grass Scatter 5 - RunAllModules-TTerrain.cs-460
12/19/2022 14:39:26 - Graph result : Grass Scatter 6 - RunAllModules-TTerrain.cs-460
12/19/2022 14:39:26 - Graph result : Grass Scatter 7 - RunAllModules-TTerrain.cs-460
12/19/2022 14:39:26 - Graph result : Grass Scatter 8 - RunAllModules-TTerrain.cs-460
12/19/2022 14:39:26 - Graph result : Grass Scatter 9 - RunAllModules-TTerrain.cs-460
12/19/2022 14:39:26 - Graph result : Grass Scatter 10 - RunAllModules-TTerrain.cs-460
12/19/2022 14:39:26 -  - WhenAllDone-TTerrain.cs-598
12/19/2022 14:39:26 -  - EachTerrainDone-TTerraWorld.cs-309
12/19/2022 14:39:26 -  - WhenAllDone-TTerraWorld.cs-318
12/19/2022 14:39:26 -  - ApplyOnTerrain-TTerrainGenerator.cs-444
12/19/2022 14:39:26 -  - GenerateTerrain-TTerrainGenerator.cs-464
12/19/2022 14:39:26 -  - InitializeTerrain-TTerrainGenerator.cs-473
12/19/2022 14:39:26 -  - SetTerrainMaterialMAINDefault-TerrainRenderingManager.cs-1858
12/19/2022 14:39:26 - Generating Terrain - ApplyTerrrain-TTerrainGenerator.cs-538
12/19/2022 14:39:26 - ApplyLakeOnTerrain - ApplyLakeOnTerrain-TTerrainGenerator.cs-782
12/19/2022 14:39:26 -  - InitMesh_TriangleNet-TTerrainGenerator.cs-1639
12/19/2022 14:39:26 -  - InitMesh_TriangleNet-TTerrainGenerator.cs-1639
12/19/2022 14:39:26 -  - InitMesh_TriangleNet-TTerrainGenerator.cs-1639
12/19/2022 14:39:26 - UpdateTerrainHeightmap - UpdateTerrainHeightmap-TTerrainGenerator.cs-576
12/19/2022 14:39:26 - UpdateTerrainImagery - UpdateTerrainImagery-TTerrainGenerator.cs-598
12/19/2022 14:39:26 - GetColorMap - GetColorMap-TDetailTextureLayer.cs-171
12/19/2022 14:39:27 - GetAplphaMaps - GetAplphaMaps-TDetailTextureLayer.cs-40
12/19/2022 14:39:27 - ApplyRiversOnTerrain - ApplyRiversOnTerrain-TTerrainGenerator.cs-1011
12/19/2022 14:39:27 - ApplyGridsOnTerrain - ApplyGridsOnTerrain-TTerrainGenerator.cs-1177
12/19/2022 14:39:27 - ApplyObjectsOnTerrain - ApplyObjectsOnTerrain-TTerrainGenerator.cs-1275
12/19/2022 14:39:27 - ApplyGrassOnTerrain - ApplyGrassOnTerrain-TTerrainGenerator.cs-1488
12/19/2022 14:39:28 -  - OnFinished-TTerraworldGenerator.cs-109
12/19/2022 14:39:28 - InitInstancesLayer - InitInstancesLayer-TTerraworldGenerator.cs-138
12/19/2022 14:39:35 - CleanUp - CleanUpUnderTerrainObjects-TTerraworldGenerator.cs-426
12/19/2022 14:39:35 -  - ClearMemory-TTerrainGenerator.cs-1712
12/19/2022 14:39:36 -  - SaveGraph-TTerraWorldGraph.cs-242
12/19/2022 14:39:36 -  - SaveGraph-TTerraWorldGraph.cs-242
12/19/2022 14:39:36 -  - SaveGraph-TTerraWorldGraph.cs-242
12/19/2022 14:39:36 - Finish! - ApplyRealTimeSettings-TTerraworldGenerator.cs-102
12/19/2022 14:49:02 -  - LoadGraph-TTerraWorldGraph.cs-414
12/19/2022 14:49:02 -  - SaveGraph-TTerraWorldGraph.cs-242
12/19/2022 14:49:02 -  - SaveGraph-TTerraWorldGraph.cs-242
12/19/2022 14:49:02 -  - SaveGraph-TTerraWorldGraph.cs-242
12/19/2022 14:49:02 -  - SaveGraph-TTerraWorldGraph.cs-242
12/19/2022 14:49:03 -  - SaveGraph-TTerraWorldGraph.cs-242
12/19/2022 14:49:14 -  - SaveGraph-TTerraWorldGraph.cs-242
12/19/2022 14:49:25 -  - LoadGraph-TTerraWorldGraph.cs-414
12/19/2022 14:49:25 -  - SaveGraph-TTerraWorldGraph.cs-242
12/19/2022 14:49:25 -  - SaveGraph-TTerraWorldGraph.cs-242
12/19/2022 14:49:25 -  - SaveGraph-TTerraWorldGraph.cs-242
12/19/2022 14:49:25 -  - SaveGraph-TTerraWorldGraph.cs-242
12/19/2022 14:49:25 -  - SaveGraph-TTerraWorldGraph.cs-242
12/19/2022 14:49:30 -  - SaveGraph-TTerraWorldGraph.cs-242
12/19/2022 14:49:41 -  - LoadGraph-TTerraWorldGraph.cs-414
12/19/2022 14:49:41 -  - SaveGraph-TTerraWorldGraph.cs-242
12/19/2022 14:49:41 -  - SaveGraph-TTerraWorldGraph.cs-242
12/19/2022 14:49:41 -  - SaveGraph-TTerraWorldGraph.cs-242
12/19/2022 14:49:41 -  - SaveGraph-TTerraWorldGraph.cs-242
12/19/2022 14:49:41 -  - SaveGraph-TTerraWorldGraph.cs-242
12/19/2022 14:49:53 -  - SaveGraph-TTerraWorldGraph.cs-242
12/19/2022 14:49:58 -  - LoadGraph-TTerraWorldGraph.cs-414
12/19/2022 14:49:58 -  - SaveGraph-TTerraWorldGraph.cs-242
12/19/2022 14:49:58 -  - SaveGraph-TTerraWorldGraph.cs-242
12/19/2022 14:49:58 -  - SaveGraph-TTerraWorldGraph.cs-242
12/19/2022 14:49:58 -  - SaveGraph-TTerraWorldGraph.cs-242
12/19/2022 14:49:58 -  - SaveGraph-TTerraWorldGraph.cs-242
12/19/2022 14:50:13 -  - SaveGraph-TTerraWorldGraph.cs-242
12/19/2022 14:50:22 -  - LoadGraph-TTerraWorldGraph.cs-414
12/19/2022 14:50:22 -  - SaveGraph-TTerraWorldGraph.cs-242
12/19/2022 14:50:22 -  - SaveGraph-TTerraWorldGraph.cs-242
12/19/2022 14:50:22 -  - SaveGraph-TTerraWorldGraph.cs-242
12/19/2022 14:50:22 -  - SaveGraph-TTerraWorldGraph.cs-242
12/19/2022 14:50:22 -  - SaveGraph-TTerraWorldGraph.cs-242
12/19/2022 14:51:03 -  - SaveGraph-TTerraWorldGraph.cs-242
12/19/2022 14:51:11 -  - LoadGraph-TTerraWorldGraph.cs-414
12/19/2022 14:51:11 -  - SaveGraph-TTerraWorldGraph.cs-242
12/19/2022 14:51:11 -  - SaveGraph-TTerraWorldGraph.cs-242
12/19/2022 14:51:11 -  - SaveGraph-TTerraWorldGraph.cs-242
12/19/2022 14:51:12 -  - SaveGraph-TTerraWorldGraph.cs-242
12/19/2022 14:51:12 -  - SaveGraph-TTerraWorldGraph.cs-242
12/19/2022 14:51:31 -  - SaveGraph-TTerraWorldGraph.cs-242
12/19/2022 14:51:39 -  - LoadGraph-TTerraWorldGraph.cs-414
12/19/2022 14:51:39 -  - SaveGraph-TTerraWorldGraph.cs-242
12/19/2022 14:51:40 -  - SaveGraph-TTerraWorldGraph.cs-242
12/19/2022 14:51:40 -  - SaveGraph-TTerraWorldGraph.cs-242
12/19/2022 14:51:40 -  - SaveGraph-TTerraWorldGraph.cs-242
12/19/2022 14:51:40 -  - SaveGraph-TTerraWorldGraph.cs-242
12/19/2022 14:51:49 -  - SaveGraph-TTerraWorldGraph.cs-242
12/19/2022 14:51:53 -  - LoadGraph-TTerraWorldGraph.cs-414
12/19/2022 14:51:53 -  - SaveGraph-TTerraWorldGraph.cs-242
12/19/2022 14:51:53 -  - SaveGraph-TTerraWorldGraph.cs-242
12/19/2022 14:51:53 -  - SaveGraph-TTerraWorldGraph.cs-242
12/19/2022 14:51:53 -  - SaveGraph-TTerraWorldGraph.cs-242
12/19/2022 14:51:53 -  - SaveGraph-TTerraWorldGraph.cs-242
12/19/2022 14:52:09 -  - SaveGraph-TTerraWorldGraph.cs-242
12/19/2022 14:52:12 -  - ResetGraphsStatus-TTerraWorldGraph.cs-744
12/19/2022 14:52:13 -  - SaveGraph-TTerraWorldGraph.cs-242
12/19/2022 14:52:14 -  - SaveGraph-TTerraWorldGraph.cs-242
12/19/2022 14:52:14 -  - SaveGraph-TTerraWorldGraph.cs-242
12/19/2022 14:52:21 -  - LoadGraph-TTerraWorldGraph.cs-414
12/19/2022 14:52:21 -  - SaveGraph-TTerraWorldGraph.cs-242
12/19/2022 14:52:21 -  - SaveGraph-TTerraWorldGraph.cs-242
12/19/2022 14:52:21 -  - SaveGraph-TTerraWorldGraph.cs-242
12/19/2022 14:52:21 -  - ResetGraphsStatus-TTerraWorldGraph.cs-744
12/19/2022 14:52:21 -  - SaveGraph-TTerraWorldGraph.cs-242
12/19/2022 14:52:22 -  - SaveGraph-TTerraWorldGraph.cs-242
12/19/2022 14:52:22 -  - SaveGraph-TTerraWorldGraph.cs-242
12/19/2022 14:52:22 -  - SaveGraph-TTerraWorldGraph.cs-242
12/19/2022 14:53:56 -  - SaveGraph-TTerraWorldGraph.cs-242
12/19/2022 14:54:07 -  - LoadGraph-TTerraWorldGraph.cs-414
12/19/2022 14:54:07 -  - SaveGraph-TTerraWorldGraph.cs-242
12/19/2022 14:54:07 -  - SaveGraph-TTerraWorldGraph.cs-242
12/19/2022 14:54:07 -  - SaveGraph-TTerraWorldGraph.cs-242
12/19/2022 14:54:07 -  - ResetGraphsStatus-TTerraWorldGraph.cs-744
12/19/2022 14:54:07 -  - SaveGraph-TTerraWorldGraph.cs-242
12/19/2022 14:54:07 -  - SaveGraph-TTerraWorldGraph.cs-242
12/19/2022 14:54:08 -  - SaveGraph-TTerraWorldGraph.cs-242
12/19/2022 14:54:08 -  - SaveGraph-TTerraWorldGraph.cs-242
12/19/2022 14:54:14 -  - SaveGraph-TTerraWorldGraph.cs-242
12/19/2022 14:54:19 -  - LoadGraph-TTerraWorldGraph.cs-414
12/19/2022 14:54:19 -  - SaveGraph-TTerraWorldGraph.cs-242
12/19/2022 14:54:19 -  - SaveGraph-TTerraWorldGraph.cs-242
12/19/2022 14:54:19 -  - SaveGraph-TTerraWorldGraph.cs-242
12/19/2022 14:54:19 -  - ResetGraphsStatus-TTerraWorldGraph.cs-744
12/19/2022 14:54:19 -  - SaveGraph-TTerraWorldGraph.cs-242
12/19/2022 14:54:19 -  - SaveGraph-TTerraWorldGraph.cs-242
12/19/2022 14:54:20 -  - SaveGraph-TTerraWorldGraph.cs-242
12/19/2022 14:54:20 -  - SaveGraph-TTerraWorldGraph.cs-242
12/19/2022 14:54:35 -  - SaveGraph-TTerraWorldGraph.cs-242
12/19/2022 14:55:07 -  - LoadGraph-TTerraWorldGraph.cs-414
12/19/2022 14:55:07 -  - SaveGraph-TTerraWorldGraph.cs-242
12/19/2022 14:55:07 -  - SaveGraph-TTerraWorldGraph.cs-242
12/19/2022 14:55:07 -  - SaveGraph-TTerraWorldGraph.cs-242
12/19/2022 14:55:07 -  - ResetGraphsStatus-TTerraWorldGraph.cs-744
12/19/2022 14:55:07 -  - SaveGraph-TTerraWorldGraph.cs-242
12/19/2022 14:55:08 -  - SaveGraph-TTerraWorldGraph.cs-242
12/19/2022 14:55:08 -  - SaveGraph-TTerraWorldGraph.cs-242
12/19/2022 14:55:10 -  - LoadGraph-TTerraWorldGraph.cs-414
12/19/2022 14:55:10 -  - SaveGraph-TTerraWorldGraph.cs-242
12/19/2022 14:55:10 -  - SaveGraph-TTerraWorldGraph.cs-242
12/19/2022 14:55:10 -  - SaveGraph-TTerraWorldGraph.cs-242
12/19/2022 14:55:10 -  - ResetGraphsStatus-TTerraWorldGraph.cs-744
12/19/2022 14:55:10 -  - SaveGraph-TTerraWorldGraph.cs-242
12/19/2022 14:55:10 -  - SaveGraph-TTerraWorldGraph.cs-242
12/19/2022 14:55:11 -  - SaveGraph-TTerraWorldGraph.cs-242
12/19/2022 14:55:11 -  - SaveGraph-TTerraWorldGraph.cs-242
12/19/2022 14:56:42 -  - SaveGraph-TTerraWorldGraph.cs-242
12/19/2022 14:56:51 -  - LoadGraph-TTerraWorldGraph.cs-414
12/19/2022 14:56:51 -  - SaveGraph-TTerraWorldGraph.cs-242
12/19/2022 14:56:51 -  - SaveGraph-TTerraWorldGraph.cs-242
12/19/2022 14:56:51 -  - SaveGraph-TTerraWorldGraph.cs-242
12/19/2022 14:56:51 -  - ResetGraphsStatus-TTerraWorldGraph.cs-744
12/19/2022 14:56:51 -  - SaveGraph-TTerraWorldGraph.cs-242
12/19/2022 14:56:51 -  - SaveGraph-TTerraWorldGraph.cs-242
12/19/2022 14:56:52 -  - SaveGraph-TTerraWorldGraph.cs-242
12/19/2022 14:56:52 -  - SaveGraph-TTerraWorldGraph.cs-242
12/19/2022 14:57:01 -  - SaveGraph-TTerraWorldGraph.cs-242
12/19/2022 14:57:12 -  - LoadGraph-TTerraWorldGraph.cs-414
12/19/2022 14:57:12 -  - SaveGraph-TTerraWorldGraph.cs-242
12/19/2022 14:57:12 -  - SaveGraph-TTerraWorldGraph.cs-242
12/19/2022 14:57:12 -  - SaveGraph-TTerraWorldGraph.cs-242
12/19/2022 14:57:12 -  - ResetGraphsStatus-TTerraWorldGraph.cs-744
12/19/2022 14:57:12 -  - SaveGraph-TTerraWorldGraph.cs-242
12/19/2022 14:57:13 -  - SaveGraph-TTerraWorldGraph.cs-242
12/19/2022 14:57:13 -  - SaveGraph-TTerraWorldGraph.cs-242
12/19/2022 14:57:16 -  - LoadGraph-TTerraWorldGraph.cs-414
12/19/2022 14:57:16 -  - SaveGraph-TTerraWorldGraph.cs-242
12/19/2022 14:57:16 -  - SaveGraph-TTerraWorldGraph.cs-242
12/19/2022 14:57:16 -  - SaveGraph-TTerraWorldGraph.cs-242
12/19/2022 14:57:16 -  - ResetGraphsStatus-TTerraWorldGraph.cs-744
12/19/2022 14:57:16 -  - SaveGraph-TTerraWorldGraph.cs-242
12/19/2022 14:57:16 -  - SaveGraph-TTerraWorldGraph.cs-242
12/19/2022 14:57:17 -  - SaveGraph-TTerraWorldGraph.cs-242
12/19/2022 14:57:17 -  - SaveGraph-TTerraWorldGraph.cs-242
12/19/2022 14:57:31 -  - SaveGraph-TTerraWorldGraph.cs-242
12/19/2022 14:57:36 -  - LoadGraph-TTerraWorldGraph.cs-414
12/19/2022 14:57:36 -  - SaveGraph-TTerraWorldGraph.cs-242
12/19/2022 14:57:36 -  - SaveGraph-TTerraWorldGraph.cs-242
12/19/2022 14:57:36 -  - SaveGraph-TTerraWorldGraph.cs-242
12/19/2022 14:57:37 -  - ResetGraphsStatus-TTerraWorldGraph.cs-744
12/19/2022 14:57:37 -  - SaveGraph-TTerraWorldGraph.cs-242
12/19/2022 14:57:37 -  - SaveGraph-TTerraWorldGraph.cs-242
12/19/2022 14:57:38 -  - SaveGraph-TTerraWorldGraph.cs-242
12/19/2022 14:57:38 -  - SaveGraph-TTerraWorldGraph.cs-242
12/19/2022 14:57:46 -  - SaveGraph-TTerraWorldGraph.cs-242
12/19/2022 14:57:50 -  - LoadGraph-TTerraWorldGraph.cs-414
12/19/2022 14:57:50 -  - SaveGraph-TTerraWorldGraph.cs-242
12/19/2022 14:57:50 -  - SaveGraph-TTerraWorldGraph.cs-242
12/19/2022 14:57:51 -  - SaveGraph-TTerraWorldGraph.cs-242
12/19/2022 14:57:51 -  - ResetGraphsStatus-TTerraWorldGraph.cs-744
12/19/2022 14:57:51 -  - SaveGraph-TTerraWorldGraph.cs-242
12/19/2022 14:57:51 -  - SaveGraph-TTerraWorldGraph.cs-242
12/19/2022 14:57:52 -  - SaveGraph-TTerraWorldGraph.cs-242
12/19/2022 14:57:52 -  - SaveGraph-TTerraWorldGraph.cs-242
12/19/2022 14:58:09 -  - SaveGraph-TTerraWorldGraph.cs-242
12/19/2022 14:58:23 -  - LoadGraph-TTerraWorldGraph.cs-414
12/19/2022 14:58:23 -  - SaveGraph-TTerraWorldGraph.cs-242
12/19/2022 14:58:23 -  - SaveGraph-TTerraWorldGraph.cs-242
12/19/2022 14:58:23 -  - SaveGraph-TTerraWorldGraph.cs-242
12/19/2022 14:58:23 -  - ResetGraphsStatus-TTerraWorldGraph.cs-744
12/19/2022 14:58:23 -  - SaveGraph-TTerraWorldGraph.cs-242
12/19/2022 14:58:24 -  - SaveGraph-TTerraWorldGraph.cs-242
12/19/2022 14:58:24 -  - SaveGraph-TTerraWorldGraph.cs-242
12/19/2022 14:58:28 -  - LoadGraph-TTerraWorldGraph.cs-414
12/19/2022 14:58:28 -  - SaveGraph-TTerraWorldGraph.cs-242
12/19/2022 14:58:28 -  - SaveGraph-TTerraWorldGraph.cs-242
12/19/2022 14:58:28 -  - SaveGraph-TTerraWorldGraph.cs-242
12/19/2022 14:58:28 -  - ResetGraphsStatus-TTerraWorldGraph.cs-744
12/19/2022 14:58:28 -  - SaveGraph-TTerraWorldGraph.cs-242
12/19/2022 14:58:29 -  - SaveGraph-TTerraWorldGraph.cs-242
12/19/2022 14:58:29 -  - SaveGraph-TTerraWorldGraph.cs-242
12/19/2022 14:58:29 -  - SaveGraph-TTerraWorldGraph.cs-242
12/19/2022 14:58:42 -  - SaveGraph-TTerraWorldGraph.cs-242
12/19/2022 14:59:23 -  - LoadGraph-TTerraWorldGraph.cs-414
12/19/2022 14:59:23 -  - SaveGraph-TTerraWorldGraph.cs-242
12/19/2022 14:59:23 -  - SaveGraph-TTerraWorldGraph.cs-242
12/19/2022 14:59:23 -  - SaveGraph-TTerraWorldGraph.cs-242
12/19/2022 14:59:23 -  - ResetGraphsStatus-TTerraWorldGraph.cs-744
12/19/2022 14:59:23 -  - SaveGraph-TTerraWorldGraph.cs-242
12/19/2022 14:59:23 -  - SaveGraph-TTerraWorldGraph.cs-242
12/19/2022 14:59:23 -  - SaveGraph-TTerraWorldGraph.cs-242
12/19/2022 14:59:26 -  - LoadGraph-TTerraWorldGraph.cs-414
12/19/2022 14:59:26 -  - SaveGraph-TTerraWorldGraph.cs-242
12/19/2022 14:59:26 -  - SaveGraph-TTerraWorldGraph.cs-242
12/19/2022 14:59:26 -  - SaveGraph-TTerraWorldGraph.cs-242
12/19/2022 14:59:26 -  - ResetGraphsStatus-TTerraWorldGraph.cs-744
12/19/2022 14:59:26 -  - SaveGraph-TTerraWorldGraph.cs-242
12/19/2022 14:59:26 -  - SaveGraph-TTerraWorldGraph.cs-242
12/19/2022 14:59:27 -  - SaveGraph-TTerraWorldGraph.cs-242
12/19/2022 14:59:27 -  - SaveGraph-TTerraWorldGraph.cs-242
12/19/2022 14:59:42 -  - SaveGraph-TTerraWorldGraph.cs-242
12/19/2022 15:00:07 -  - LoadGraph-TTerraWorldGraph.cs-414
12/19/2022 15:00:07 -  - SaveGraph-TTerraWorldGraph.cs-242
12/19/2022 15:00:07 -  - SaveGraph-TTerraWorldGraph.cs-242
12/19/2022 15:00:07 -  - SaveGraph-TTerraWorldGraph.cs-242
12/19/2022 15:00:07 -  - ResetGraphsStatus-TTerraWorldGraph.cs-744
12/19/2022 15:00:07 -  - SaveGraph-TTerraWorldGraph.cs-242
12/19/2022 15:00:08 -  - SaveGraph-TTerraWorldGraph.cs-242
12/19/2022 15:00:08 -  - SaveGraph-TTerraWorldGraph.cs-242
12/19/2022 15:00:10 -  - LoadGraph-TTerraWorldGraph.cs-414
12/19/2022 15:00:10 -  - SaveGraph-TTerraWorldGraph.cs-242
12/19/2022 15:00:10 -  - SaveGraph-TTerraWorldGraph.cs-242
12/19/2022 15:00:10 -  - SaveGraph-TTerraWorldGraph.cs-242
12/19/2022 15:00:10 -  - ResetGraphsStatus-TTerraWorldGraph.cs-744
12/19/2022 15:00:10 -  - SaveGraph-TTerraWorldGraph.cs-242
12/19/2022 15:00:10 -  - SaveGraph-TTerraWorldGraph.cs-242
12/19/2022 15:00:11 -  - SaveGraph-TTerraWorldGraph.cs-242
12/19/2022 15:00:11 -  - SaveGraph-TTerraWorldGraph.cs-242
12/19/2022 15:00:29 -  - SaveGraph-TTerraWorldGraph.cs-242
12/19/2022 15:00:51 -  - LoadGraph-TTerraWorldGraph.cs-414
12/19/2022 15:00:51 -  - SaveGraph-TTerraWorldGraph.cs-242
12/19/2022 15:00:51 -  - SaveGraph-TTerraWorldGraph.cs-242
12/19/2022 15:00:51 -  - SaveGraph-TTerraWorldGraph.cs-242
12/19/2022 15:00:51 -  - ResetGraphsStatus-TTerraWorldGraph.cs-744
12/19/2022 15:00:51 -  - SaveGraph-TTerraWorldGraph.cs-242
12/19/2022 15:00:52 -  - SaveGraph-TTerraWorldGraph.cs-242
12/19/2022 15:00:52 -  - SaveGraph-TTerraWorldGraph.cs-242
12/19/2022 15:00:54 -  - LoadGraph-TTerraWorldGraph.cs-414
12/19/2022 15:00:54 -  - SaveGraph-TTerraWorldGraph.cs-242
12/19/2022 15:00:54 -  - SaveGraph-TTerraWorldGraph.cs-242
12/19/2022 15:00:54 -  - SaveGraph-TTerraWorldGraph.cs-242
12/19/2022 15:00:54 -  - ResetGraphsStatus-TTerraWorldGraph.cs-744
12/19/2022 15:00:54 -  - SaveGraph-TTerraWorldGraph.cs-242
12/19/2022 15:00:55 -  - SaveGraph-TTerraWorldGraph.cs-242
12/19/2022 15:00:55 -  - SaveGraph-TTerraWorldGraph.cs-242
12/19/2022 15:00:55 -  - SaveGraph-TTerraWorldGraph.cs-242
12/19/2022 15:01:42 -  - SaveGraph-TTerraWorldGraph.cs-242
12/19/2022 15:01:48 -  - LoadGraph-TTerraWorldGraph.cs-414
12/19/2022 15:01:48 -  - SaveGraph-TTerraWorldGraph.cs-242
12/19/2022 15:01:48 -  - SaveGraph-TTerraWorldGraph.cs-242
12/19/2022 15:01:48 -  - SaveGraph-TTerraWorldGraph.cs-242
12/19/2022 15:01:48 -  - ResetGraphsStatus-TTerraWorldGraph.cs-744
12/19/2022 15:01:48 -  - SaveGraph-TTerraWorldGraph.cs-242
12/19/2022 15:01:48 -  - SaveGraph-TTerraWorldGraph.cs-242
12/19/2022 15:01:49 -  - SaveGraph-TTerraWorldGraph.cs-242
12/19/2022 15:01:49 -  - SaveGraph-TTerraWorldGraph.cs-242
12/19/2022 15:02:21 -  - SaveGraph-TTerraWorldGraph.cs-242
12/19/2022 15:02:57 -  - LoadGraph-TTerraWorldGraph.cs-414
12/19/2022 15:02:57 -  - SaveGraph-TTerraWorldGraph.cs-242
12/19/2022 15:02:57 -  - SaveGraph-TTerraWorldGraph.cs-242
12/19/2022 15:02:57 -  - SaveGraph-TTerraWorldGraph.cs-242
12/19/2022 15:02:57 -  - ResetGraphsStatus-TTerraWorldGraph.cs-744
12/19/2022 15:02:57 -  - SaveGraph-TTerraWorldGraph.cs-242
12/19/2022 15:02:58 -  - SaveGraph-TTerraWorldGraph.cs-242
12/19/2022 15:02:58 -  - SaveGraph-TTerraWorldGraph.cs-242
12/19/2022 15:03:01 -  - LoadGraph-TTerraWorldGraph.cs-414
12/19/2022 15:03:01 -  - SaveGraph-TTerraWorldGraph.cs-242
12/19/2022 15:03:01 -  - SaveGraph-TTerraWorldGraph.cs-242
12/19/2022 15:03:01 -  - SaveGraph-TTerraWorldGraph.cs-242
12/19/2022 15:03:01 -  - ResetGraphsStatus-TTerraWorldGraph.cs-744
12/19/2022 15:03:01 -  - SaveGraph-TTerraWorldGraph.cs-242
12/19/2022 15:03:01 -  - SaveGraph-TTerraWorldGraph.cs-242
12/19/2022 15:03:02 -  - SaveGraph-TTerraWorldGraph.cs-242
12/19/2022 15:03:02 -  - SaveGraph-TTerraWorldGraph.cs-242
12/19/2022 15:03:18 -  - SaveGraph-TTerraWorldGraph.cs-242
12/19/2022 15:03:29 -  - LoadGraph-TTerraWorldGraph.cs-414
12/19/2022 15:03:29 -  - SaveGraph-TTerraWorldGraph.cs-242
12/19/2022 15:03:29 -  - SaveGraph-TTerraWorldGraph.cs-242
12/19/2022 15:03:29 -  - SaveGraph-TTerraWorldGraph.cs-242
12/19/2022 15:03:29 -  - ResetGraphsStatus-TTerraWorldGraph.cs-744
12/19/2022 15:03:29 -  - SaveGraph-TTerraWorldGraph.cs-242
12/19/2022 15:03:30 -  - SaveGraph-TTerraWorldGraph.cs-242
12/19/2022 15:03:30 -  - SaveGraph-TTerraWorldGraph.cs-242
12/19/2022 15:03:38 -  - LoadGraph-TTerraWorldGraph.cs-414
12/19/2022 15:03:38 -  - SaveGraph-TTerraWorldGraph.cs-242
12/19/2022 15:03:38 -  - SaveGraph-TTerraWorldGraph.cs-242
12/19/2022 15:03:38 -  - SaveGraph-TTerraWorldGraph.cs-242
12/19/2022 15:03:38 -  - ResetGraphsStatus-TTerraWorldGraph.cs-744
12/19/2022 15:03:38 -  - SaveGraph-TTerraWorldGraph.cs-242
12/19/2022 15:03:38 -  - SaveGraph-TTerraWorldGraph.cs-242
12/19/2022 15:03:39 -  - SaveGraph-TTerraWorldGraph.cs-242
12/19/2022 15:03:39 -  - SaveGraph-TTerraWorldGraph.cs-242
12/19/2022 15:03:53 -  - SaveGraph-TTerraWorldGraph.cs-242
12/19/2022 15:04:06 -  - LoadGraph-TTerraWorldGraph.cs-414
12/19/2022 15:04:06 -  - SaveGraph-TTerraWorldGraph.cs-242
12/19/2022 15:04:06 -  - SaveGraph-TTerraWorldGraph.cs-242
12/19/2022 15:04:06 -  - SaveGraph-TTerraWorldGraph.cs-242
12/19/2022 15:04:06 -  - ResetGraphsStatus-TTerraWorldGraph.cs-744
12/19/2022 15:04:06 -  - SaveGraph-TTerraWorldGraph.cs-242
12/19/2022 15:04:07 -  - SaveGraph-TTerraWorldGraph.cs-242
12/19/2022 15:04:07 -  - SaveGraph-TTerraWorldGraph.cs-242
12/19/2022 15:04:11 -  - LoadGraph-TTerraWorldGraph.cs-414
12/19/2022 15:04:11 -  - SaveGraph-TTerraWorldGraph.cs-242
12/19/2022 15:04:11 -  - SaveGraph-TTerraWorldGraph.cs-242
12/19/2022 15:04:11 -  - SaveGraph-TTerraWorldGraph.cs-242
12/19/2022 15:04:11 -  - ResetGraphsStatus-TTerraWorldGraph.cs-744
12/19/2022 15:04:11 -  - SaveGraph-TTerraWorldGraph.cs-242
12/19/2022 15:04:12 -  - SaveGraph-TTerraWorldGraph.cs-242
12/19/2022 15:04:13 -  - SaveGraph-TTerraWorldGraph.cs-242
12/19/2022 15:04:13 -  - SaveGraph-TTerraWorldGraph.cs-242
12/19/2022 15:04:36 -  - SaveGraph-TTerraWorldGraph.cs-242
12/19/2022 15:04:58 -  - LoadGraph-TTerraWorldGraph.cs-414
12/19/2022 15:04:58 -  - SaveGraph-TTerraWorldGraph.cs-242
12/19/2022 15:04:58 -  - SaveGraph-TTerraWorldGraph.cs-242
12/19/2022 15:04:58 -  - SaveGraph-TTerraWorldGraph.cs-242
12/19/2022 15:04:59 -  - ResetGraphsStatus-TTerraWorldGraph.cs-744
12/19/2022 15:04:59 -  - SaveGraph-TTerraWorldGraph.cs-242
12/19/2022 15:04:59 -  - SaveGraph-TTerraWorldGraph.cs-242
12/19/2022 15:04:59 -  - SaveGraph-TTerraWorldGraph.cs-242
12/19/2022 15:05:02 -  - LoadGraph-TTerraWorldGraph.cs-414
12/19/2022 15:05:02 -  - SaveGraph-TTerraWorldGraph.cs-242
12/19/2022 15:05:02 -  - SaveGraph-TTerraWorldGraph.cs-242
12/19/2022 15:05:02 -  - SaveGraph-TTerraWorldGraph.cs-242
12/19/2022 15:05:02 -  - ResetGraphsStatus-TTerraWorldGraph.cs-744
12/19/2022 15:05:02 -  - SaveGraph-TTerraWorldGraph.cs-242
12/19/2022 15:05:02 -  - SaveGraph-TTerraWorldGraph.cs-242
12/19/2022 15:05:03 -  - SaveGraph-TTerraWorldGraph.cs-242
12/19/2022 15:05:03 -  - SaveGraph-TTerraWorldGraph.cs-242
12/19/2022 15:17:05 -  - SaveGraph-TTerraWorldGraph.cs-242